Determining if the pthread_create exist failed with the following output:
Change Dir: /app/ut/CMakeFiles/CMakeTmp

Run Build Command:"/usr/bin/make" "cmTC_b380b/fast"
/usr/bin/make -f CMakeFiles/cmTC_b380b.dir/build.make CMakeFiles/cmTC_b380b.dir/build
make[1]: Entering directory '/app/ut/CMakeFiles/CMakeTmp'
Building C object CMakeFiles/cmTC_b380b.dir/CheckSymbolExists.c.o
/usr/bin/cc    -o CMakeFiles/cmTC_b380b.dir/CheckSymbolExists.c.o   -c /app/ut/CMakeFiles/CMakeTmp/CheckSymbolExists.c
Linking C executable cmTC_b380b
/usr/bin/cmake -E cmake_link_script CMakeFiles/cmTC_b380b.dir/link.txt --verbose=1
/usr/bin/cc      CMakeFiles/cmTC_b380b.dir/CheckSymbolExists.c.o  -o cmTC_b380b 
CMakeFiles/cmTC_b380b.dir/CheckSymbolExists.c.o: In function `main':
CheckSymbolExists.c:(.text+0x1b): undefined reference to `pthread_create'
collect2: error: ld returned 1 exit status
CMakeFiles/cmTC_b380b.dir/build.make:97: recipe for target 'cmTC_b380b' failed
make[1]: *** [cmTC_b380b] Error 1
make[1]: Leaving directory '/app/ut/CMakeFiles/CMakeTmp'
Makefile:126: recipe for target 'cmTC_b380b/fast' failed
make: *** [cmTC_b380b/fast] Error 2

File /app/ut/CMakeFiles/CMakeTmp/CheckSymbolExists.c:
/* */
#include <pthread.h>

int main(int argc, char** argv)
{
  (void)argv;
#ifndef pthread_create
  return ((int*)(&pthread_create))[argc];
#else
  (void)argc;
  return 0;
#endif
}

Determining if the function pthread_create exists in the pthreads failed with the following output:
Change Dir: /app/ut/CMakeFiles/CMakeTmp

Run Build Command:"/usr/bin/make" "cmTC_65d64/fast"
/usr/bin/make -f CMakeFiles/cmTC_65d64.dir/build.make CMakeFiles/cmTC_65d64.dir/build
make[1]: Entering directory '/app/ut/CMakeFiles/CMakeTmp'
Building C object CMakeFiles/cmTC_65d64.dir/CheckFunctionExists.c.o
/usr/bin/cc   -DCHECK_FUNCTION_EXISTS=pthread_create   -o CMakeFiles/cmTC_65d64.dir/CheckFunctionExists.c.o   -c /usr/share/cmake-3.10/Modules/CheckFunctionExists.c
Linking C executable cmTC_65d64
/usr/bin/cmake -E cmake_link_script CMakeFiles/cmTC_65d64.dir/link.txt --verbose=1
/usr/bin/cc  -DCHECK_FUNCTION_EXISTS=pthread_create    CMakeFiles/cmTC_65d64.dir/CheckFunctionExists.c.o  -o cmTC_65d64 -lpthreads 
/usr/bin/ld: cannot find -lpthreads
collect2: error: ld returned 1 exit status
CMakeFiles/cmTC_65d64.dir/build.make:97: recipe for target 'cmTC_65d64' failed
make[1]: *** [cmTC_65d64] Error 1
make[1]: Leaving directory '/app/ut/CMakeFiles/CMakeTmp'
Makefile:126: recipe for target 'cmTC_65d64/fast' failed
make: *** [cmTC_65d64/fast] Error 2


